<?xml version="1.0" encoding="UTF-8"?>
<coverage generated="1549396325812" clover="3.2.0">
  <project timestamp="1549396325813" name="All files">
    <metrics statements="16" coveredstatements="15" conditionals="4" coveredconditionals="3" methods="6" coveredmethods="6" elements="26" coveredelements="24" complexity="0" loc="16" ncloc="16" packages="1" files="2" classes="2">
      <file name="helloWebComponent.html.compiled" path="/home/chrx/Code/Salesforce/bear-tracker-lwc/force-app/main/default/lwc/helloWebComponent/helloWebComponent.html.compiled">
        <metrics statements="11" coveredstatements="10" conditionals="4" coveredconditionals="3" methods="1" coveredmethods="1"/>
        <line num="1" count="1" type="stmt"/>
        <line num="3" count="1" type="stmt"/>
        <line num="4" count="1" type="stmt"/>
        <line num="5" count="1" type="stmt"/>
        <line num="14" count="3" type="stmt"/>
        <line num="17" count="3" type="stmt"/>
        <line num="18" count="3" type="stmt"/>
        <line num="46" count="1" type="stmt"/>
        <line num="48" count="1" type="cond" truecount="1" falsecount="1"/>
        <line num="49" count="0" type="stmt"/>
        <line num="51" count="1" type="stmt"/>
      </file>
      <file name="helloWebComponent.js" path="/home/chrx/Code/Salesforce/bear-tracker-lwc/force-app/main/default/lwc/helloWebComponent/helloWebComponent.js">
        <metrics statements="5" coveredstatements="5" conditionals="0" coveredconditionals="0" methods="5" coveredmethods="5"/>
        <line num="3" count="4" type="stmt"/>
        <line num="7" count="1" type="stmt"/>
        <line num="11" count="3" type="stmt"/>
        <line num="15" count="4" type="stmt"/>
        <line num="20" count="1" type="stmt"/>
      </file>
    </metrics>
  </project>
</coverage>
