{"/home/chrx/Code/Salesforce/bear-tracker-lwc/force-app/main/default/lwc/helloWebComponent/helloWebComponent.html.compiled": {"path":"/home/chrx/Code/Salesforce/bear-tracker-lwc/force-app/main/default/lwc/helloWebComponent/helloWebComponent.html.compiled","statementMap":{"0":{"start":{"line":1,"column":0},"end":{"line":null,"column":-1}},"1":{"start":{"line":3,"column":0},"end":{"line":null,"column":-1}},"2":{"start":{"line":4,"column":0},"end":{"line":null,"column":-1}},"3":{"start":{"line":5,"column":0},"end":{"line":null,"column":-1}},"4":{"start":{"line":14,"column":6},"end":{"line":8,"column":2}},"5":{"start":{"line":17,"column":6},"end":{"line":15,"column":2}},"6":{"start":{"line":18,"column":2},"end":{"line":null,"column":-1}},"7":{"start":{"line":46,"column":0},"end":{"line":null,"column":-1}},"8":{"start":{"line":48,"column":0},"end":{"line":50,"column":1}},"9":{"start":{"line":49,"column":2},"end":{"line":null,"column":-1}},"10":{"start":{"line":51,"column":0},"end":{"line":null,"column":-1}}},"fnMap":{"0":{"name":"tmpl","decl":{"start":{"line":7,"column":9},"end":{"line":7,"column":0}},"loc":{"start":{"line":7,"column":42},"end":{"line":43,"column":1}}}},"branchMap":{"0":{"loc":{"start":{"line":40,"column":16},"end":{"line":40,"column":19}},"type":"binary-expr","locations":[{"start":{"line":40,"column":16},"end":{"line":40,"column":19}},{"start":{"line":40,"column":24},"end":{"line":40,"column":19}}]},"1":{"loc":{"start":{"line":48,"column":0},"end":{"line":50,"column":1}},"type":"if","locations":[{"start":{"line":48,"column":0},"end":{"line":50,"column":1}},{"start":{"line":48,"column":0},"end":{"line":50,"column":1}}]}},"s":{"0":1,"1":1,"2":1,"3":1,"4":3,"5":3,"6":3,"7":1,"8":1,"9":0,"10":1},"f":{"0":3},"b":{"0":[3,2],"1":[0,1]}}
,"/home/chrx/Code/Salesforce/bear-tracker-lwc/force-app/main/default/lwc/helloWebComponent/helloWebComponent.js": {"path":"/home/chrx/Code/Salesforce/bear-tracker-lwc/force-app/main/default/lwc/helloWebComponent/helloWebComponent.js","statementMap":{"0":{"start":{"line":3,"column":64},"end":{"line":null,"column":-1}},"1":{"start":{"line":7,"column":4},"end":{"line":null,"column":-1}},"2":{"start":{"line":11,"column":4},"end":{"line":null,"column":-1}},"3":{"start":{"line":15,"column":4},"end":{"line":null,"column":-1}},"4":{"start":{"line":20,"column":4},"end":{"line":null,"column":-1}}},"fnMap":{"0":{"name":"(anonymous_1)","decl":{"start":{"line":3,"column":64},"end":{"line":3,"column":63}},"loc":{"start":{"line":3,"column":64},"end":{"line":null,"column":-1}}},"1":{"name":"(anonymous_2)","decl":{"start":{"line":6,"column":2},"end":{"line":6,"column":21}},"loc":{"start":{"line":6,"column":30},"end":{"line":8,"column":3}}},"2":{"name":"(anonymous_3)","decl":{"start":{"line":10,"column":2},"end":{"line":10,"column":1}},"loc":{"start":{"line":10,"column":20},"end":{"line":12,"column":3}}},"3":{"name":"(anonymous_4)","decl":{"start":{"line":14,"column":2},"end":{"line":14,"column":1}},"loc":{"start":{"line":14,"column":28},"end":{"line":16,"column":3}}},"4":{"name":"(anonymous_5)","decl":{"start":{"line":19,"column":2},"end":{"line":18,"column":1}},"loc":{"start":{"line":19,"column":16},"end":{"line":21,"column":3}}}},"branchMap":{},"s":{"0":4,"1":1,"2":3,"3":4,"4":1},"f":{"0":2,"1":1,"2":3,"3":4,"4":1},"b":{}}
}
