TN:
SF:/home/chrx/Code/Salesforce/bear-tracker-lwc/force-app/main/default/lwc/helloWebComponent/helloWebComponent.html.compiled
FN:7,tmpl
FNF:1
FNH:1
FNDA:3,tmpl
DA:1,1
DA:3,1
DA:4,1
DA:5,1
DA:14,3
DA:17,3
DA:18,3
DA:46,1
DA:48,1
DA:49,0
DA:51,1
LF:11
LH:10
BRDA:40,0,0,3
BRDA:40,0,1,2
BRDA:48,1,0,0
BRDA:48,1,1,1
BRF:4
BRH:3
end_of_record
TN:
SF:/home/chrx/Code/Salesforce/bear-tracker-lwc/force-app/main/default/lwc/helloWebComponent/helloWebComponent.js
FN:3,(anonymous_1)
FN:6,(anonymous_2)
FN:10,(anonymous_3)
FN:14,(anonymous_4)
FN:19,(anonymous_5)
FNF:5
FNH:5
FNDA:2,(anonymous_1)
FNDA:1,(anonymous_2)
FNDA:3,(anonymous_3)
FNDA:4,(anonymous_4)
FNDA:1,(anonymous_5)
DA:3,4
DA:7,1
DA:11,3
DA:15,4
DA:20,1
LF:5
LH:5
BRF:0
BRH:0
end_of_record
